<?xml version="1.0" encoding="UTF-8"?>
<!-- Generated by org.testng.reporters.JUnitReportReporter -->
<testsuite hostname="1019LTPB0034556.local" failures="0" tests="1" name="com.mainClass.addPlaceAPIAutomation" time="6.115" errors="0" timestamp="12 Aug 2021 13:23:56 GMT" skipped="0">
  <testcase classname="com.mainClass.addPlaceAPIAutomation" name="addPlace" time="6.115"/>
</testsuite> <!-- com.mainClass.addPlaceAPIAutomation -->
