<?xml version="1.0" encoding="UTF-8"?>
<!-- Generated by org.testng.reporters.JUnitReportReporter -->
<testsuite hostname="1019LTPB0034556.local" failures="0" tests="1" name="com.mainClass.addPlaceAPIAutomation" time="5.525" errors="0" timestamp="12 Aug 2021 02:43:54 GMT" skipped="0">
  <testcase classname="com.mainClass.addPlaceAPIAutomation" name="addPlace" time="5.525"/>
</testsuite> <!-- com.mainClass.addPlaceAPIAutomation -->
