<?xml version="1.0" encoding="UTF-8"?>
<!-- Generated by org.testng.reporters.JUnitReportReporter -->
<testsuite hostname="1019LTPB0034556.local" failures="0" tests="1" name="com.mainClass.SumValidation" time="0.863" errors="0" timestamp="12 Aug 2021 04:01:20 GMT" skipped="0">
  <testcase classname="com.mainClass.SumValidation" name="sumOfCourses" time="0.863"/>
</testsuite> <!-- com.mainClass.SumValidation -->
